<?xml version="1.0" ?>
<testsuite errors="0" failures="0" name="testCase.comOrder.Test-20180326224059" tests="1" time="2.847">
	<testcase classname="testCase.comOrder.Test" name="testPass" time="2.847"/>
	<system-out>
<![CDATA[]]>	</system-out>
	<system-err>
<![CDATA[]]>	</system-err>
</testsuite>
